<?xml version="1.0" encoding="UTF-8"?>
<testsuite xmlns:xsi="http://www.w3.org/2001/XMLSchema-instance" xsi:noNamespaceSchemaLocation="https://maven.apache.org/surefire/maven-surefire-plugin/xsd/surefire-test-report-3.0.xsd" version="3.0" name="com.in28minutes.rest.webservices.restfulwebservices.RestfulWebServicesApplicationTests" time="5.287" tests="1" errors="0" skipped="0" failures="0">
  <properties>
[...]
</properties>
  <testcase name="contextLoads" classname="com.in28minutes.rest.webservices.restfulwebservices.RestfulWebServicesApplicationTests" time="0.548">
    <system-out><![CDATA[23:43:57.102 [main] INFO org.springframework.test.context.support.AnnotationConfigContextLoaderUtils -- Could not detect default configuration classes for test class [com.in28minutes.rest.webservices.restfulwebservices.RestfulWebServicesApplicationTests]: RestfulWebServicesApplicationTests does not declare any static, non-private, non-final, nested classes annotated with @Configuration.
23:43:57.205 [main] INFO org.springframework.boot.test.context.SpringBootTestContextBootstrapper -- Found @SpringBootConfiguration com.in28minutes.rest.webservices.restfulwebservices.RestfulWebServicesApplication for test class com.in28minutes.rest.webservices.restfulwebservices.RestfulWebServicesApplicationTests
23:43:57.382 [main] INFO org.springframework.boot.devtools.restart.RestartApplicationListener -- Restart disabled due to context in which it is running
09-12 23:43:57 - c.i.r.w.r.RestfulWebServicesApplicationTests - Starting RestfulWebServicesApplicationTests using Java 21.0.3 with PID 26688 (started by yoshi in C:\Users\yoshi\Documents\Udemy\SpringBootCloudDev\aws-deployment\03-rest-api-full-stack-h2)
09-12 23:43:57 - c.i.r.w.r.RestfulWebServicesApplicationTests - No active profile set, falling back to 1 default profile: "default"
09-12 23:43:58 - o.s.d.r.c.RepositoryConfigurationDelegate - Bootstrapping Spring Data JPA repositories in DEFAULT mode.
09-12 23:43:58 - o.s.d.r.c.RepositoryConfigurationDelegate - Finished Spring Data repository scanning in 37 ms. Found 1 JPA repository interface.
09-12 23:43:58 - com.zaxxer.hikari.HikariDataSource - HikariPool-1 - Starting...
09-12 23:43:58 - com.zaxxer.hikari.pool.HikariPool - HikariPool-1 - Added connection conn0: url=jdbc:h2:mem:testdb user=SA
09-12 23:43:58 - com.zaxxer.hikari.HikariDataSource - HikariPool-1 - Start completed.
09-12 23:43:58 - o.h.jpa.internal.util.LogHelper - HHH000204: Processing PersistenceUnitInfo [name: default]
09-12 23:43:59 - org.hibernate.Version - HHH000412: Hibernate ORM core version 6.4.4.Final
09-12 23:43:59 - o.h.c.i.RegionFactoryInitiator - HHH000026: Second-level cache disabled
09-12 23:43:59 - o.s.o.j.p.SpringPersistenceUnitInfo - No LoadTimeWeaver setup: ignoring JPA class transformer
09-12 23:44:00 - o.h.e.t.j.p.i.JtaPlatformInitiator - HHH000489: No JTA platform available (set 'hibernate.transaction.jta.platform' to enable JTA platform integration)
09-12 23:44:00 - o.s.o.j.LocalContainerEntityManagerFactoryBean - Initialized JPA EntityManagerFactory for persistence unit 'default'
09-12 23:44:00 - o.s.b.a.o.j.JpaBaseConfiguration$JpaWebConfiguration - spring.jpa.open-in-view is enabled by default. Therefore, database queries may be performed during view rendering. Explicitly configure spring.jpa.open-in-view to disable this warning
09-12 23:44:01 - o.s.s.web.DefaultSecurityFilterChain - Will secure any request with [org.springframework.security.web.session.DisableEncodeUrlFilter@1a916120, org.springframework.security.web.context.request.async.WebAsyncManagerIntegrationFilter@2d732cda, org.springframework.security.web.context.SecurityContextHolderFilter@4b6fc231, org.springframework.security.web.header.HeaderWriterFilter@2e243122, org.springframework.web.filter.CorsFilter@755fdfad, org.springframework.security.web.authentication.logout.LogoutFilter@23c61c1b, org.springframework.security.oauth2.server.resource.web.authentication.BearerTokenAuthenticationFilter@1e186006, org.springframework.security.web.authentication.www.BasicAuthenticationFilter@4e22dadb, org.springframework.security.web.savedrequest.RequestCacheAwareFilter@39dee5fd, org.springframework.security.web.servletapi.SecurityContextHolderAwareRequestFilter@1b897ffb, org.springframework.security.web.authentication.AnonymousAuthenticationFilter@3c98eaa9, org.springframework.security.web.session.SessionManagementFilter@39f3285d, org.springframework.security.web.access.ExceptionTranslationFilter@66ce4b4, org.springframework.security.web.access.intercept.AuthorizationFilter@3791160a]
09-12 23:44:01 - c.i.r.w.r.RestfulWebServicesApplicationTests - Started RestfulWebServicesApplicationTests in 4.295 seconds (process running for 5.262)
]]></system-out>
    <system-err><![CDATA[WARNING: A Java agent has been loaded dynamically (C:\Users\yoshi\.m2\repository\net\bytebuddy\byte-buddy-agent\1.14.12\byte-buddy-agent-1.14.12.jar)
WARNING: If a serviceability tool is in use, please run with -XX:+EnableDynamicAgentLoading to hide this warning
WARNING: If a serviceability tool is not in use, please run with -Djdk.instrument.traceUsage for more information
WARNING: Dynamic loading of agents will be disallowed by default in a future release
]]></system-err>
  </testcase>
</testsuite>